0 info it worked if it ends with ok
1 verbose cli [ '/usr/bin/node',
1 verbose cli   '/usr/local/bin/npm',
1 verbose cli   'run',
1 verbose cli   'test',
1 verbose cli   '--no-cache' ]
2 info using npm@6.4.1
3 info using node@v8.10.0
4 verbose run-script [ 'pretest', 'test', 'posttest' ]
5 info lifecycle ui-src-ts@0.1.0~pretest: ui-src-ts@0.1.0
6 info lifecycle ui-src-ts@0.1.0~test: ui-src-ts@0.1.0
7 verbose lifecycle ui-src-ts@0.1.0~test: unsafe-perm in lifecycle true
8 verbose lifecycle ui-src-ts@0.1.0~test: PATH: /usr/local/lib/node_modules/npm/node_modules/npm-lifecycle/node-gyp-bin:/home/willem/repos/holochain-ui/ui-src/node_modules/.bin:/home/willem/go/bin:/home/willem/.cargo/bin:/home/willem/.local/share/umake/bin:/usr/local/sbin:/usr/local/bin:/usr/sbin:/usr/bin:/sbin:/bin:/usr/games:/usr/local/games:/snap/bin
9 verbose lifecycle ui-src-ts@0.1.0~test: CWD: /home/willem/repos/holochain-ui/ui-src
10 silly lifecycle ui-src-ts@0.1.0~test: Args: [ '-c', 'react-scripts-ts test --env=jsdom' ]
11 silly lifecycle ui-src-ts@0.1.0~test: Returned: code: 1  signal: null
12 info lifecycle ui-src-ts@0.1.0~test: Failed to exec test script
13 verbose stack Error: ui-src-ts@0.1.0 test: `react-scripts-ts test --env=jsdom`
13 verbose stack Exit status 1
13 verbose stack     at EventEmitter.<anonymous> (/usr/local/lib/node_modules/npm/node_modules/npm-lifecycle/index.js:301:16)
13 verbose stack     at emitTwo (events.js:126:13)
13 verbose stack     at EventEmitter.emit (events.js:214:7)
13 verbose stack     at ChildProcess.<anonymous> (/usr/local/lib/node_modules/npm/node_modules/npm-lifecycle/lib/spawn.js:55:14)
13 verbose stack     at emitTwo (events.js:126:13)
13 verbose stack     at ChildProcess.emit (events.js:214:7)
13 verbose stack     at maybeClose (internal/child_process.js:925:16)
13 verbose stack     at Process.ChildProcess._handle.onexit (internal/child_process.js:209:5)
14 verbose pkgid ui-src-ts@0.1.0
15 verbose cwd /home/willem/repos/holochain-ui/ui-src
16 verbose Linux 4.15.0-33-generic
17 verbose argv "/usr/bin/node" "/usr/local/bin/npm" "run" "test" "--no-cache"
18 verbose node v8.10.0
19 verbose npm  v6.4.1
20 error code ELIFECYCLE
21 error errno 1
22 error ui-src-ts@0.1.0 test: `react-scripts-ts test --env=jsdom`
22 error Exit status 1
23 error Failed at the ui-src-ts@0.1.0 test script.
23 error This is probably not a problem with npm. There is likely additional logging output above.
24 verbose exit [ 1, true ]
